<?xml version="1.0" encoding="UTF-8"?>
<testng-results ignored="0" total="1" passed="1" failed="0" skipped="0">
  <reporter-output>
  </reporter-output>
  <suite started-at="2025-03-28T15:16:19 IST" name="Default suite" finished-at="2025-03-28T15:16:20 IST" duration-ms="105">
    <groups>
    </groups>
    <test started-at="2025-03-28T15:16:19 IST" name="Default test" finished-at="2025-03-28T15:16:20 IST" duration-ms="105">
      <class name="sample.Demo">
        <test-method signature="method()[pri:0, instance:sample.Demo@6f1de4c7]" started-at="2025-03-28T15:16:20 IST" name="method" finished-at="2025-03-28T15:16:20 IST" duration-ms="20" status="PASS">
          <reporter-output>
          </reporter-output>
        </test-method> <!-- method -->
      </class> <!-- sample.Demo -->
    </test> <!-- Default test -->
  </suite> <!-- Default suite -->
</testng-results>
